[14-Jul-2022 13:22:32 UTC] PHP Notice:  Undefined index: ux_color in C:\xampp\htdocs\wp-content\themes\flatsome\inc\extensions\flatsome-swatches\includes\class-swatches-frontend.php on line 426
[14-Jul-2022 13:22:32 UTC] PHP Notice:  Undefined index: ux_color in C:\xampp\htdocs\wp-content\themes\flatsome\inc\extensions\flatsome-swatches\includes\class-swatches-frontend.php on line 426
[14-Jul-2022 13:22:32 UTC] PHP Notice:  Undefined index: ux_color in C:\xampp\htdocs\wp-content\themes\flatsome\inc\extensions\flatsome-swatches\includes\class-swatches-frontend.php on line 426
[14-Jul-2022 13:22:43 UTC] PHP Notice:  Undefined index: ux_color in C:\xampp\htdocs\wp-content\themes\flatsome\inc\extensions\flatsome-swatches\includes\class-swatches-frontend.php on line 426
[14-Jul-2022 13:22:43 UTC] PHP Notice:  Undefined index: ux_color in C:\xampp\htdocs\wp-content\themes\flatsome\inc\extensions\flatsome-swatches\includes\class-swatches-frontend.php on line 426
[14-Jul-2022 13:22:43 UTC] PHP Notice:  Undefined index: ux_color in C:\xampp\htdocs\wp-content\themes\flatsome\inc\extensions\flatsome-swatches\includes\class-swatches-frontend.php on line 426
[14-Jul-2022 13:22:44 UTC] PHP Notice:  Undefined index: ux_color in C:\xampp\htdocs\wp-content\themes\flatsome\inc\extensions\flatsome-swatches\includes\class-swatches-frontend.php on line 426
[14-Jul-2022 13:22:44 UTC] PHP Notice:  Undefined index: ux_color in C:\xampp\htdocs\wp-content\themes\flatsome\inc\extensions\flatsome-swatches\includes\class-swatches-frontend.php on line 426
[14-Jul-2022 13:22:44 UTC] PHP Notice:  Undefined index: ux_color in C:\xampp\htdocs\wp-content\themes\flatsome\inc\extensions\flatsome-swatches\includes\class-swatches-frontend.php on line 426
[14-Jul-2022 13:22:44 UTC] PHP Notice:  Undefined index: ux_color in C:\xampp\htdocs\wp-content\themes\flatsome\inc\extensions\flatsome-swatches\includes\class-swatches-frontend.php on line 426
[14-Jul-2022 13:22:44 UTC] PHP Notice:  Undefined index: ux_color in C:\xampp\htdocs\wp-content\themes\flatsome\inc\extensions\flatsome-swatches\includes\class-swatches-frontend.php on line 426
[14-Jul-2022 13:22:44 UTC] PHP Notice:  Undefined index: ux_color in C:\xampp\htdocs\wp-content\themes\flatsome\inc\extensions\flatsome-swatches\includes\class-swatches-frontend.php on line 426
[14-Jul-2022 13:22:44 UTC] PHP Notice:  Undefined index: ux_color in C:\xampp\htdocs\wp-content\themes\flatsome\inc\extensions\flatsome-swatches\includes\class-swatches-frontend.php on line 426
[14-Jul-2022 13:22:47 UTC] PHP Notice:  Undefined index: ux_color in C:\xampp\htdocs\wp-content\themes\flatsome\inc\extensions\flatsome-swatches\includes\class-swatches-frontend.php on line 426
[14-Jul-2022 13:22:47 UTC] PHP Notice:  Undefined index: ux_color in C:\xampp\htdocs\wp-content\themes\flatsome\inc\extensions\flatsome-swatches\includes\class-swatches-frontend.php on line 426
[14-Jul-2022 13:22:47 UTC] PHP Notice:  Undefined index: ux_color in C:\xampp\htdocs\wp-content\themes\flatsome\inc\extensions\flatsome-swatches\includes\class-swatches-frontend.php on line 426
[14-Jul-2022 13:22:47 UTC] PHP Notice:  Undefined index: ux_color in C:\xampp\htdocs\wp-content\themes\flatsome\inc\extensions\flatsome-swatches\includes\class-swatches-frontend.php on line 426
[14-Jul-2022 13:22:47 UTC] PHP Notice:  Undefined index: ux_color in C:\xampp\htdocs\wp-content\themes\flatsome\inc\extensions\flatsome-swatches\includes\class-swatches-frontend.php on line 426
[14-Jul-2022 13:22:47 UTC] PHP Notice:  Undefined index: ux_color in C:\xampp\htdocs\wp-content\themes\flatsome\inc\extensions\flatsome-swatches\includes\class-swatches-frontend.php on line 426
[14-Jul-2022 13:22:47 UTC] PHP Notice:  Undefined index: ux_color in C:\xampp\htdocs\wp-content\themes\flatsome\inc\extensions\flatsome-swatches\includes\class-swatches-frontend.php on line 426
[14-Jul-2022 13:22:47 UTC] PHP Notice:  Undefined index: ux_color in C:\xampp\htdocs\wp-content\themes\flatsome\inc\extensions\flatsome-swatches\includes\class-swatches-frontend.php on line 426
[14-Jul-2022 13:22:47 UTC] PHP Notice:  Undefined index: ux_color in C:\xampp\htdocs\wp-content\themes\flatsome\inc\extensions\flatsome-swatches\includes\class-swatches-frontend.php on line 426
[14-Jul-2022 13:22:47 UTC] PHP Notice:  Undefined index: ux_color in C:\xampp\htdocs\wp-content\themes\flatsome\inc\extensions\flatsome-swatches\includes\class-swatches-frontend.php on line 426
[14-Jul-2022 13:22:47 UTC] PHP Notice:  Undefined index: ux_color in C:\xampp\htdocs\wp-content\themes\flatsome\inc\extensions\flatsome-swatches\includes\class-swatches-frontend.php on line 426
[14-Jul-2022 13:22:47 UTC] PHP Notice:  Undefined index: ux_color in C:\xampp\htdocs\wp-content\themes\flatsome\inc\extensions\flatsome-swatches\includes\class-swatches-frontend.php on line 426
[14-Jul-2022 13:22:50 UTC] PHP Notice:  Undefined index: ux_color in C:\xampp\htdocs\wp-content\themes\flatsome\inc\extensions\flatsome-swatches\includes\class-swatches-frontend.php on line 426
[14-Jul-2022 13:22:50 UTC] PHP Notice:  Undefined index: ux_color in C:\xampp\htdocs\wp-content\themes\flatsome\inc\extensions\flatsome-swatches\includes\class-swatches-frontend.php on line 426
[14-Jul-2022 13:23:02 UTC] PHP Notice:  Undefined index: ux_color in C:\xampp\htdocs\wp-content\themes\flatsome\inc\extensions\flatsome-swatches\includes\class-swatches-frontend.php on line 426
[14-Jul-2022 13:23:16 UTC] PHP Notice:  Undefined index: ux_color in C:\xampp\htdocs\wp-content\themes\flatsome\inc\extensions\flatsome-swatches\includes\class-swatches-frontend.php on line 426
[14-Jul-2022 13:23:17 UTC] PHP Notice:  Undefined index: ux_color in C:\xampp\htdocs\wp-content\themes\flatsome\inc\extensions\flatsome-swatches\includes\class-swatches-frontend.php on line 426
[14-Jul-2022 13:23:17 UTC] PHP Notice:  Undefined index: ux_color in C:\xampp\htdocs\wp-content\themes\flatsome\inc\extensions\flatsome-swatches\includes\class-swatches-frontend.php on line 426
[14-Jul-2022 13:23:29 UTC] PHP Notice:  Undefined index: ux_color in C:\xampp\htdocs\wp-content\themes\flatsome\inc\extensions\flatsome-swatches\includes\class-swatches-frontend.php on line 426
[14-Jul-2022 13:23:29 UTC] PHP Notice:  Undefined index: ux_color in C:\xampp\htdocs\wp-content\themes\flatsome\inc\extensions\flatsome-swatches\includes\class-swatches-frontend.php on line 426
[14-Jul-2022 13:23:29 UTC] PHP Notice:  Undefined index: ux_color in C:\xampp\htdocs\wp-content\themes\flatsome\inc\extensions\flatsome-swatches\includes\class-swatches-frontend.php on line 426
[14-Jul-2022 13:23:29 UTC] PHP Notice:  Undefined index: ux_color in C:\xampp\htdocs\wp-content\themes\flatsome\inc\extensions\flatsome-swatches\includes\class-swatches-frontend.php on line 426
[14-Jul-2022 13:23:34 UTC] PHP Notice:  Undefined index: ux_color in C:\xampp\htdocs\wp-content\themes\flatsome\inc\extensions\flatsome-swatches\includes\class-swatches-frontend.php on line 426
[14-Jul-2022 13:23:34 UTC] PHP Notice:  Undefined index: ux_color in C:\xampp\htdocs\wp-content\themes\flatsome\inc\extensions\flatsome-swatches\includes\class-swatches-frontend.php on line 426
[14-Jul-2022 13:23:34 UTC] PHP Notice:  Undefined index: ux_color in C:\xampp\htdocs\wp-content\themes\flatsome\inc\extensions\flatsome-swatches\includes\class-swatches-frontend.php on line 426
[14-Jul-2022 13:23:34 UTC] PHP Notice:  Undefined index: ux_color in C:\xampp\htdocs\wp-content\themes\flatsome\inc\extensions\flatsome-swatches\includes\class-swatches-frontend.php on line 426
[14-Jul-2022 13:23:34 UTC] PHP Notice:  Undefined index: ux_color in C:\xampp\htdocs\wp-content\themes\flatsome\inc\extensions\flatsome-swatches\includes\class-swatches-frontend.php on line 426
[14-Jul-2022 13:23:34 UTC] PHP Notice:  Undefined index: ux_color in C:\xampp\htdocs\wp-content\themes\flatsome\inc\extensions\flatsome-swatches\includes\class-swatches-frontend.php on line 426
[14-Jul-2022 13:23:34 UTC] PHP Notice:  Undefined index: ux_color in C:\xampp\htdocs\wp-content\themes\flatsome\inc\extensions\flatsome-swatches\includes\class-swatches-frontend.php on line 426
[14-Jul-2022 13:23:34 UTC] PHP Notice:  Undefined index: ux_color in C:\xampp\htdocs\wp-content\themes\flatsome\inc\extensions\flatsome-swatches\includes\class-swatches-frontend.php on line 426
[14-Jul-2022 13:23:34 UTC] PHP Notice:  Undefined index: ux_color in C:\xampp\htdocs\wp-content\themes\flatsome\inc\extensions\flatsome-swatches\includes\class-swatches-frontend.php on line 426
[14-Jul-2022 13:23:34 UTC] PHP Notice:  Undefined index: ux_color in C:\xampp\htdocs\wp-content\themes\flatsome\inc\extensions\flatsome-swatches\includes\class-swatches-frontend.php on line 426
[14-Jul-2022 13:23:34 UTC] PHP Notice:  Undefined index: ux_color in C:\xampp\htdocs\wp-content\themes\flatsome\inc\extensions\flatsome-swatches\includes\class-swatches-frontend.php on line 426
[14-Jul-2022 13:23:34 UTC] PHP Notice:  Undefined index: ux_color in C:\xampp\htdocs\wp-content\themes\flatsome\inc\extensions\flatsome-swatches\includes\class-swatches-frontend.php on line 426
[14-Jul-2022 13:23:58 UTC] PHP Notice:  Undefined index: ux_color in C:\xampp\htdocs\wp-content\themes\flatsome\inc\extensions\flatsome-swatches\includes\class-swatches-frontend.php on line 426
[14-Jul-2022 13:23:58 UTC] PHP Notice:  Undefined index: ux_color in C:\xampp\htdocs\wp-content\themes\flatsome\inc\extensions\flatsome-swatches\includes\class-swatches-frontend.php on line 426
[14-Jul-2022 13:23:58 UTC] PHP Notice:  Undefined index: ux_color in C:\xampp\htdocs\wp-content\themes\flatsome\inc\extensions\flatsome-swatches\includes\class-swatches-frontend.php on line 426
[14-Jul-2022 13:23:59 UTC] PHP Notice:  Undefined index: ux_color in C:\xampp\htdocs\wp-content\themes\flatsome\inc\extensions\flatsome-swatches\includes\class-swatches-frontend.php on line 426
[14-Jul-2022 13:23:59 UTC] PHP Notice:  Undefined index: ux_color in C:\xampp\htdocs\wp-content\themes\flatsome\inc\extensions\flatsome-swatches\includes\class-swatches-frontend.php on line 426
[14-Jul-2022 13:23:59 UTC] PHP Notice:  Undefined index: ux_color in C:\xampp\htdocs\wp-content\themes\flatsome\inc\extensions\flatsome-swatches\includes\class-swatches-frontend.php on line 426
[14-Jul-2022 13:24:08 UTC] PHP Notice:  Undefined index: ux_color in C:\xampp\htdocs\wp-content\themes\flatsome\inc\extensions\flatsome-swatches\includes\class-swatches-frontend.php on line 426
[14-Jul-2022 13:24:08 UTC] PHP Notice:  Undefined index: ux_color in C:\xampp\htdocs\wp-content\themes\flatsome\inc\extensions\flatsome-swatches\includes\class-swatches-frontend.php on line 426
[14-Jul-2022 13:24:08 UTC] PHP Notice:  Undefined index: ux_color in C:\xampp\htdocs\wp-content\themes\flatsome\inc\extensions\flatsome-swatches\includes\class-swatches-frontend.php on line 426
[14-Jul-2022 13:24:08 UTC] PHP Notice:  Undefined index: ux_color in C:\xampp\htdocs\wp-content\themes\flatsome\inc\extensions\flatsome-swatches\includes\class-swatches-frontend.php on line 426
[14-Jul-2022 13:24:08 UTC] PHP Notice:  Undefined index: ux_color in C:\xampp\htdocs\wp-content\themes\flatsome\inc\extensions\flatsome-swatches\includes\class-swatches-frontend.php on line 426
[14-Jul-2022 13:24:08 UTC] PHP Notice:  Undefined index: ux_color in C:\xampp\htdocs\wp-content\themes\flatsome\inc\extensions\flatsome-swatches\includes\class-swatches-frontend.php on line 426
[14-Jul-2022 13:24:08 UTC] PHP Notice:  Undefined index: ux_color in C:\xampp\htdocs\wp-content\themes\flatsome\inc\extensions\flatsome-swatches\includes\class-swatches-frontend.php on line 426
[14-Jul-2022 13:24:08 UTC] PHP Notice:  Undefined index: ux_color in C:\xampp\htdocs\wp-content\themes\flatsome\inc\extensions\flatsome-swatches\includes\class-swatches-frontend.php on line 426
[14-Jul-2022 13:24:08 UTC] PHP Notice:  Undefined index: ux_color in C:\xampp\htdocs\wp-content\themes\flatsome\inc\extensions\flatsome-swatches\includes\class-swatches-frontend.php on line 426
[14-Jul-2022 13:24:08 UTC] PHP Notice:  Undefined index: ux_color in C:\xampp\htdocs\wp-content\themes\flatsome\inc\extensions\flatsome-swatches\includes\class-swatches-frontend.php on line 426
[15-Jul-2022 03:09:30 UTC] PHP Parse error:  syntax error, unexpected 'while' (T_WHILE) in C:\xampp\htdocs\wp-content\themes\flatsome-child\a-z-listing.php on line 46
[15-Jul-2022 03:21:54 UTC] PHP Parse error:  syntax error, unexpected 'endwhile' (T_ENDWHILE), expecting elseif (T_ELSEIF) or else (T_ELSE) or endif (T_ENDIF) in C:\xampp\htdocs\wp-content\themes\flatsome-child\a-z-listing.php on line 76
[15-Jul-2022 03:23:39 UTC] PHP Notice:  Undefined variable: var in C:\xampp\htdocs\wp-content\themes\flatsome-child\a-z-listing.php on line 52
[15-Jul-2022 13:13:35 UTC] PHP Notice:  Undefined index: path in C:\xampp\htdocs\wp-content\plugins\disable-wordpress-updates\disable-updates.php on line 259
[15-Jul-2022 13:13:35 UTC] PHP Notice:  Undefined index: path in C:\xampp\htdocs\wp-content\plugins\disable-wordpress-updates\disable-updates.php on line 259
[15-Jul-2022 13:13:35 UTC] PHP Notice:  Undefined index: path in C:\xampp\htdocs\wp-content\plugins\disable-wordpress-updates\disable-updates.php on line 259
[15-Jul-2022 13:13:35 UTC] PHP Notice:  Undefined index: path in C:\xampp\htdocs\wp-content\plugins\disable-wordpress-updates\disable-updates.php on line 259
[15-Jul-2022 13:17:35 UTC] PHP Notice:  Undefined index: ux_color in C:\xampp\htdocs\wp-content\themes\flatsome\inc\extensions\flatsome-swatches\includes\class-swatches-frontend.php on line 426
[16-Jul-2022 02:40:19 UTC] PHP Notice:  Undefined index: ux_color in C:\xampp\htdocs\wp-content\themes\flatsome\inc\extensions\flatsome-swatches\includes\class-swatches-frontend.php on line 426
[16-Jul-2022 02:40:19 UTC] PHP Notice:  Undefined index: ux_color in C:\xampp\htdocs\wp-content\themes\flatsome\inc\extensions\flatsome-swatches\includes\class-swatches-frontend.php on line 426
[16-Jul-2022 02:40:19 UTC] PHP Notice:  Undefined index: ux_color in C:\xampp\htdocs\wp-content\themes\flatsome\inc\extensions\flatsome-swatches\includes\class-swatches-frontend.php on line 426
[16-Jul-2022 02:40:20 UTC] PHP Notice:  Undefined index: ux_color in C:\xampp\htdocs\wp-content\themes\flatsome\inc\extensions\flatsome-swatches\includes\class-swatches-frontend.php on line 426
[16-Jul-2022 02:40:20 UTC] PHP Notice:  Undefined index: ux_color in C:\xampp\htdocs\wp-content\themes\flatsome\inc\extensions\flatsome-swatches\includes\class-swatches-frontend.php on line 426
[16-Jul-2022 02:40:20 UTC] PHP Notice:  Undefined index: ux_color in C:\xampp\htdocs\wp-content\themes\flatsome\inc\extensions\flatsome-swatches\includes\class-swatches-frontend.php on line 426
[16-Jul-2022 02:44:54 UTC] PHP Notice:  Undefined index: ux_color in C:\xampp\htdocs\wp-content\themes\flatsome\inc\extensions\flatsome-swatches\includes\class-swatches-frontend.php on line 426
[16-Jul-2022 02:44:54 UTC] PHP Notice:  Undefined index: ux_color in C:\xampp\htdocs\wp-content\themes\flatsome\inc\extensions\flatsome-swatches\includes\class-swatches-frontend.php on line 426
[18-Jul-2022 14:18:02 UTC] PHP Notice:  Undefined index: ux_color in C:\xampp\htdocs\wp-content\themes\flatsome\inc\extensions\flatsome-swatches\includes\class-swatches-frontend.php on line 426
[18-Jul-2022 14:18:02 UTC] PHP Notice:  Undefined index: ux_color in C:\xampp\htdocs\wp-content\themes\flatsome\inc\extensions\flatsome-swatches\includes\class-swatches-frontend.php on line 426
[18-Jul-2022 14:18:02 UTC] PHP Notice:  Undefined index: ux_color in C:\xampp\htdocs\wp-content\themes\flatsome\inc\extensions\flatsome-swatches\includes\class-swatches-frontend.php on line 426
[18-Jul-2022 14:18:02 UTC] PHP Notice:  Undefined index: ux_color in C:\xampp\htdocs\wp-content\themes\flatsome\inc\extensions\flatsome-swatches\includes\class-swatches-frontend.php on line 426
[18-Jul-2022 14:18:02 UTC] PHP Notice:  Undefined index: ux_color in C:\xampp\htdocs\wp-content\themes\flatsome\inc\extensions\flatsome-swatches\includes\class-swatches-frontend.php on line 426
[18-Jul-2022 14:18:02 UTC] PHP Notice:  Undefined index: ux_color in C:\xampp\htdocs\wp-content\themes\flatsome\inc\extensions\flatsome-swatches\includes\class-swatches-frontend.php on line 426
[18-Jul-2022 14:18:06 UTC] PHP Notice:  Undefined index: ux_color in C:\xampp\htdocs\wp-content\themes\flatsome\inc\extensions\flatsome-swatches\includes\class-swatches-frontend.php on line 426
[18-Jul-2022 14:18:06 UTC] PHP Notice:  Undefined index: ux_color in C:\xampp\htdocs\wp-content\themes\flatsome\inc\extensions\flatsome-swatches\includes\class-swatches-frontend.php on line 426
[18-Jul-2022 14:44:20 UTC] PHP Notice:  Undefined index: ux_color in C:\xampp\htdocs\wp-content\themes\flatsome\inc\extensions\flatsome-swatches\includes\class-swatches-frontend.php on line 426
[18-Jul-2022 14:44:20 UTC] PHP Notice:  Undefined index: ux_color in C:\xampp\htdocs\wp-content\themes\flatsome\inc\extensions\flatsome-swatches\includes\class-swatches-frontend.php on line 426
[18-Jul-2022 14:44:20 UTC] PHP Notice:  Undefined index: ux_color in C:\xampp\htdocs\wp-content\themes\flatsome\inc\extensions\flatsome-swatches\includes\class-swatches-frontend.php on line 426
[18-Jul-2022 14:44:20 UTC] PHP Notice:  Undefined index: ux_color in C:\xampp\htdocs\wp-content\themes\flatsome\inc\extensions\flatsome-swatches\includes\class-swatches-frontend.php on line 426
[18-Jul-2022 14:44:56 UTC] PHP Notice:  Undefined index: ux_color in C:\xampp\htdocs\wp-content\themes\flatsome\inc\extensions\flatsome-swatches\includes\class-swatches-frontend.php on line 426
[18-Jul-2022 14:44:56 UTC] PHP Notice:  Undefined index: ux_color in C:\xampp\htdocs\wp-content\themes\flatsome\inc\extensions\flatsome-swatches\includes\class-swatches-frontend.php on line 426
[18-Jul-2022 14:44:56 UTC] PHP Notice:  Undefined index: ux_color in C:\xampp\htdocs\wp-content\themes\flatsome\inc\extensions\flatsome-swatches\includes\class-swatches-frontend.php on line 426
[18-Jul-2022 14:45:30 UTC] PHP Notice:  Undefined index: ux_color in C:\xampp\htdocs\wp-content\themes\flatsome\inc\extensions\flatsome-swatches\includes\class-swatches-frontend.php on line 426
[18-Jul-2022 14:46:46 UTC] PHP Notice:  Undefined index: ux_color in C:\xampp\htdocs\wp-content\themes\flatsome\inc\extensions\flatsome-swatches\includes\class-swatches-frontend.php on line 426
[18-Jul-2022 14:46:46 UTC] PHP Notice:  Undefined index: ux_color in C:\xampp\htdocs\wp-content\themes\flatsome\inc\extensions\flatsome-swatches\includes\class-swatches-frontend.php on line 426
[18-Jul-2022 14:46:46 UTC] PHP Notice:  Undefined index: ux_color in C:\xampp\htdocs\wp-content\themes\flatsome\inc\extensions\flatsome-swatches\includes\class-swatches-frontend.php on line 426
[18-Jul-2022 14:46:46 UTC] PHP Notice:  Undefined index: ux_color in C:\xampp\htdocs\wp-content\themes\flatsome\inc\extensions\flatsome-swatches\includes\class-swatches-frontend.php on line 426
[18-Jul-2022 14:46:47 UTC] PHP Notice:  Undefined index: ux_color in C:\xampp\htdocs\wp-content\themes\flatsome\inc\extensions\flatsome-swatches\includes\class-swatches-frontend.php on line 426
[18-Jul-2022 14:48:03 UTC] PHP Notice:  Undefined index: ux_color in C:\xampp\htdocs\wp-content\themes\flatsome\inc\extensions\flatsome-swatches\includes\class-swatches-frontend.php on line 426
[18-Jul-2022 14:48:03 UTC] PHP Notice:  Undefined index: ux_color in C:\xampp\htdocs\wp-content\themes\flatsome\inc\extensions\flatsome-swatches\includes\class-swatches-frontend.php on line 426
[18-Jul-2022 14:48:03 UTC] PHP Notice:  Undefined index: ux_color in C:\xampp\htdocs\wp-content\themes\flatsome\inc\extensions\flatsome-swatches\includes\class-swatches-frontend.php on line 426
[18-Jul-2022 14:48:03 UTC] PHP Notice:  Undefined index: ux_color in C:\xampp\htdocs\wp-content\themes\flatsome\inc\extensions\flatsome-swatches\includes\class-swatches-frontend.php on line 426
[18-Jul-2022 14:50:29 UTC] PHP Notice:  Undefined index: ux_color in C:\xampp\htdocs\wp-content\themes\flatsome\inc\extensions\flatsome-swatches\includes\class-swatches-frontend.php on line 426
[18-Jul-2022 14:50:29 UTC] PHP Notice:  Undefined index: ux_color in C:\xampp\htdocs\wp-content\themes\flatsome\inc\extensions\flatsome-swatches\includes\class-swatches-frontend.php on line 426
[18-Jul-2022 14:50:30 UTC] PHP Notice:  Undefined index: ux_color in C:\xampp\htdocs\wp-content\themes\flatsome\inc\extensions\flatsome-swatches\includes\class-swatches-frontend.php on line 426
[18-Jul-2022 14:50:30 UTC] PHP Notice:  Undefined index: ux_color in C:\xampp\htdocs\wp-content\themes\flatsome\inc\extensions\flatsome-swatches\includes\class-swatches-frontend.php on line 426
[18-Jul-2022 14:50:30 UTC] PHP Notice:  Undefined index: ux_color in C:\xampp\htdocs\wp-content\themes\flatsome\inc\extensions\flatsome-swatches\includes\class-swatches-frontend.php on line 426
[18-Jul-2022 14:50:30 UTC] PHP Notice:  Undefined index: ux_color in C:\xampp\htdocs\wp-content\themes\flatsome\inc\extensions\flatsome-swatches\includes\class-swatches-frontend.php on line 426
[18-Jul-2022 14:50:33 UTC] PHP Notice:  Undefined index: ux_color in C:\xampp\htdocs\wp-content\themes\flatsome\inc\extensions\flatsome-swatches\includes\class-swatches-frontend.php on line 426
[18-Jul-2022 14:50:33 UTC] PHP Notice:  Undefined index: ux_color in C:\xampp\htdocs\wp-content\themes\flatsome\inc\extensions\flatsome-swatches\includes\class-swatches-frontend.php on line 426
[18-Jul-2022 14:50:33 UTC] PHP Notice:  Undefined index: ux_color in C:\xampp\htdocs\wp-content\themes\flatsome\inc\extensions\flatsome-swatches\includes\class-swatches-frontend.php on line 426
[18-Jul-2022 14:55:11 UTC] PHP Notice:  Undefined index: ux_color in C:\xampp\htdocs\wp-content\themes\flatsome\inc\extensions\flatsome-swatches\includes\class-swatches-frontend.php on line 426
[18-Jul-2022 14:55:11 UTC] PHP Notice:  Undefined index: ux_color in C:\xampp\htdocs\wp-content\themes\flatsome\inc\extensions\flatsome-swatches\includes\class-swatches-frontend.php on line 426
[18-Jul-2022 14:55:11 UTC] PHP Notice:  Undefined index: ux_color in C:\xampp\htdocs\wp-content\themes\flatsome\inc\extensions\flatsome-swatches\includes\class-swatches-frontend.php on line 426
[18-Jul-2022 14:55:34 UTC] PHP Notice:  Undefined index: ux_color in C:\xampp\htdocs\wp-content\themes\flatsome\inc\extensions\flatsome-swatches\includes\class-swatches-frontend.php on line 426
[18-Jul-2022 14:55:34 UTC] PHP Notice:  Undefined index: ux_color in C:\xampp\htdocs\wp-content\themes\flatsome\inc\extensions\flatsome-swatches\includes\class-swatches-frontend.php on line 426
[18-Jul-2022 14:55:34 UTC] PHP Notice:  Undefined index: ux_color in C:\xampp\htdocs\wp-content\themes\flatsome\inc\extensions\flatsome-swatches\includes\class-swatches-frontend.php on line 426
[18-Jul-2022 14:55:50 UTC] PHP Notice:  Undefined index: ux_color in C:\xampp\htdocs\wp-content\themes\flatsome\inc\extensions\flatsome-swatches\includes\class-swatches-frontend.php on line 426
[18-Jul-2022 14:55:50 UTC] PHP Notice:  Undefined index: ux_color in C:\xampp\htdocs\wp-content\themes\flatsome\inc\extensions\flatsome-swatches\includes\class-swatches-frontend.php on line 426
[18-Jul-2022 14:56:50 UTC] PHP Notice:  Undefined index: ux_color in C:\xampp\htdocs\wp-content\themes\flatsome\inc\extensions\flatsome-swatches\includes\class-swatches-frontend.php on line 426
[18-Jul-2022 14:56:50 UTC] PHP Notice:  Undefined index: ux_color in C:\xampp\htdocs\wp-content\themes\flatsome\inc\extensions\flatsome-swatches\includes\class-swatches-frontend.php on line 426
[18-Jul-2022 14:57:49 UTC] PHP Notice:  Undefined index: ux_color in C:\xampp\htdocs\wp-content\themes\flatsome\inc\extensions\flatsome-swatches\includes\class-swatches-frontend.php on line 426
[18-Jul-2022 14:57:49 UTC] PHP Notice:  Undefined index: ux_color in C:\xampp\htdocs\wp-content\themes\flatsome\inc\extensions\flatsome-swatches\includes\class-swatches-frontend.php on line 426
[18-Jul-2022 14:57:49 UTC] PHP Notice:  Undefined index: ux_color in C:\xampp\htdocs\wp-content\themes\flatsome\inc\extensions\flatsome-swatches\includes\class-swatches-frontend.php on line 426
[18-Jul-2022 14:59:26 UTC] PHP Notice:  Undefined index: ux_color in C:\xampp\htdocs\wp-content\themes\flatsome\inc\extensions\flatsome-swatches\includes\class-swatches-frontend.php on line 426
[18-Jul-2022 14:59:26 UTC] PHP Notice:  Undefined index: ux_color in C:\xampp\htdocs\wp-content\themes\flatsome\inc\extensions\flatsome-swatches\includes\class-swatches-frontend.php on line 426
[18-Jul-2022 14:59:26 UTC] PHP Notice:  Undefined index: ux_color in C:\xampp\htdocs\wp-content\themes\flatsome\inc\extensions\flatsome-swatches\includes\class-swatches-frontend.php on line 426
[18-Jul-2022 14:59:26 UTC] PHP Notice:  Undefined index: ux_color in C:\xampp\htdocs\wp-content\themes\flatsome\inc\extensions\flatsome-swatches\includes\class-swatches-frontend.php on line 426
[18-Jul-2022 15:00:33 UTC] PHP Notice:  Undefined index: ux_color in C:\xampp\htdocs\wp-content\themes\flatsome\inc\extensions\flatsome-swatches\includes\class-swatches-frontend.php on line 426
[18-Jul-2022 15:00:33 UTC] PHP Notice:  Undefined index: ux_color in C:\xampp\htdocs\wp-content\themes\flatsome\inc\extensions\flatsome-swatches\includes\class-swatches-frontend.php on line 426
[18-Jul-2022 15:01:22 UTC] PHP Notice:  Undefined index: ux_color in C:\xampp\htdocs\wp-content\themes\flatsome\inc\extensions\flatsome-swatches\includes\class-swatches-frontend.php on line 426
[18-Jul-2022 15:01:22 UTC] PHP Notice:  Undefined index: ux_color in C:\xampp\htdocs\wp-content\themes\flatsome\inc\extensions\flatsome-swatches\includes\class-swatches-frontend.php on line 426
[18-Jul-2022 15:01:33 UTC] PHP Notice:  Undefined index: ux_color in C:\xampp\htdocs\wp-content\themes\flatsome\inc\extensions\flatsome-swatches\includes\class-swatches-frontend.php on line 426
[18-Jul-2022 15:01:34 UTC] PHP Notice:  Undefined index: ux_color in C:\xampp\htdocs\wp-content\themes\flatsome\inc\extensions\flatsome-swatches\includes\class-swatches-frontend.php on line 426
[18-Jul-2022 15:01:34 UTC] PHP Notice:  Undefined index: ux_color in C:\xampp\htdocs\wp-content\themes\flatsome\inc\extensions\flatsome-swatches\includes\class-swatches-frontend.php on line 426
[18-Jul-2022 15:05:44 UTC] PHP Notice:  Undefined index: ux_color in C:\xampp\htdocs\wp-content\themes\flatsome\inc\extensions\flatsome-swatches\includes\class-swatches-frontend.php on line 426
[18-Jul-2022 15:05:44 UTC] PHP Notice:  Undefined index: ux_color in C:\xampp\htdocs\wp-content\themes\flatsome\inc\extensions\flatsome-swatches\includes\class-swatches-frontend.php on line 426
[18-Jul-2022 15:05:44 UTC] PHP Notice:  Undefined index: ux_color in C:\xampp\htdocs\wp-content\themes\flatsome\inc\extensions\flatsome-swatches\includes\class-swatches-frontend.php on line 426
[18-Jul-2022 15:05:44 UTC] PHP Notice:  Undefined index: ux_color in C:\xampp\htdocs\wp-content\themes\flatsome\inc\extensions\flatsome-swatches\includes\class-swatches-frontend.php on line 426
[18-Jul-2022 15:05:44 UTC] PHP Notice:  Undefined index: ux_color in C:\xampp\htdocs\wp-content\themes\flatsome\inc\extensions\flatsome-swatches\includes\class-swatches-frontend.php on line 426
[18-Jul-2022 15:05:44 UTC] PHP Notice:  Undefined index: ux_color in C:\xampp\htdocs\wp-content\themes\flatsome\inc\extensions\flatsome-swatches\includes\class-swatches-frontend.php on line 426
[18-Jul-2022 15:05:47 UTC] PHP Notice:  Undefined index: ux_color in C:\xampp\htdocs\wp-content\themes\flatsome\inc\extensions\flatsome-swatches\includes\class-swatches-frontend.php on line 426
[18-Jul-2022 15:05:47 UTC] PHP Notice:  Undefined index: ux_color in C:\xampp\htdocs\wp-content\themes\flatsome\inc\extensions\flatsome-swatches\includes\class-swatches-frontend.php on line 426
[18-Jul-2022 15:06:11 UTC] PHP Notice:  Undefined index: ux_color in C:\xampp\htdocs\wp-content\themes\flatsome\inc\extensions\flatsome-swatches\includes\class-swatches-frontend.php on line 426
[18-Jul-2022 15:06:11 UTC] PHP Notice:  Undefined index: ux_color in C:\xampp\htdocs\wp-content\themes\flatsome\inc\extensions\flatsome-swatches\includes\class-swatches-frontend.php on line 426
[18-Jul-2022 15:08:29 UTC] PHP Parse error:  syntax error, unexpected end of file in C:\xampp\htdocs\wp-content\themes\flatsome-child\functions.php on line 1648
[18-Jul-2022 15:08:30 UTC] PHP Parse error:  syntax error, unexpected end of file in C:\xampp\htdocs\wp-content\themes\flatsome-child\functions.php on line 1648
[18-Jul-2022 15:08:49 UTC] PHP Notice:  Undefined index: ux_color in C:\xampp\htdocs\wp-content\themes\flatsome\inc\extensions\flatsome-swatches\includes\class-swatches-frontend.php on line 426
[18-Jul-2022 15:08:49 UTC] PHP Notice:  Undefined index: ux_color in C:\xampp\htdocs\wp-content\themes\flatsome\inc\extensions\flatsome-swatches\includes\class-swatches-frontend.php on line 426
[18-Jul-2022 15:08:49 UTC] PHP Notice:  Undefined index: ux_color in C:\xampp\htdocs\wp-content\themes\flatsome\inc\extensions\flatsome-swatches\includes\class-swatches-frontend.php on line 426
[18-Jul-2022 15:09:07 UTC] PHP Notice:  Undefined index: ux_color in C:\xampp\htdocs\wp-content\themes\flatsome\inc\extensions\flatsome-swatches\includes\class-swatches-frontend.php on line 426
[18-Jul-2022 15:09:07 UTC] PHP Notice:  Undefined index: ux_color in C:\xampp\htdocs\wp-content\themes\flatsome\inc\extensions\flatsome-swatches\includes\class-swatches-frontend.php on line 426
[18-Jul-2022 15:09:07 UTC] PHP Notice:  Undefined index: ux_color in C:\xampp\htdocs\wp-content\themes\flatsome\inc\extensions\flatsome-swatches\includes\class-swatches-frontend.php on line 426
[18-Jul-2022 15:09:07 UTC] PHP Notice:  Undefined index: ux_color in C:\xampp\htdocs\wp-content\themes\flatsome\inc\extensions\flatsome-swatches\includes\class-swatches-frontend.php on line 426
[18-Jul-2022 15:09:07 UTC] PHP Notice:  Undefined index: ux_color in C:\xampp\htdocs\wp-content\themes\flatsome\inc\extensions\flatsome-swatches\includes\class-swatches-frontend.php on line 426
[18-Jul-2022 15:09:40 UTC] PHP Notice:  Undefined index: ux_color in C:\xampp\htdocs\wp-content\themes\flatsome\inc\extensions\flatsome-swatches\includes\class-swatches-frontend.php on line 426
[18-Jul-2022 15:09:40 UTC] PHP Notice:  Undefined index: ux_color in C:\xampp\htdocs\wp-content\themes\flatsome\inc\extensions\flatsome-swatches\includes\class-swatches-frontend.php on line 426
[18-Jul-2022 15:09:47 UTC] PHP Notice:  Undefined index: ux_color in C:\xampp\htdocs\wp-content\themes\flatsome\inc\extensions\flatsome-swatches\includes\class-swatches-frontend.php on line 426
[18-Jul-2022 15:09:47 UTC] PHP Notice:  Undefined index: ux_color in C:\xampp\htdocs\wp-content\themes\flatsome\inc\extensions\flatsome-swatches\includes\class-swatches-frontend.php on line 426
[18-Jul-2022 15:09:47 UTC] PHP Notice:  Undefined index: ux_color in C:\xampp\htdocs\wp-content\themes\flatsome\inc\extensions\flatsome-swatches\includes\class-swatches-frontend.php on line 426
[18-Jul-2022 15:10:53 UTC] PHP Notice:  Undefined index: ux_color in C:\xampp\htdocs\wp-content\themes\flatsome\inc\extensions\flatsome-swatches\includes\class-swatches-frontend.php on line 426
[18-Jul-2022 15:10:53 UTC] PHP Notice:  Undefined index: ux_color in C:\xampp\htdocs\wp-content\themes\flatsome\inc\extensions\flatsome-swatches\includes\class-swatches-frontend.php on line 426
[18-Jul-2022 15:10:53 UTC] PHP Notice:  Undefined index: ux_color in C:\xampp\htdocs\wp-content\themes\flatsome\inc\extensions\flatsome-swatches\includes\class-swatches-frontend.php on line 426
