12-23-2021 @ 14:15:10 - Step 1 -------------------------------------------------
- User id: chua login
- Alepay token: chua lien ket
12-23-2021 @ 14:15:44 - Step 1 -------------------------------------------------
- User id: chua login
- Alepay token: chua lien ket
12-23-2021 @ 14:16:31 - Step 1 -------------------------------------------------
- User id: chua login
- Alepay token: chua lien ket
12-23-2021 @ 14:17:03 - Step 1 -------------------------------------------------
- User id: chua login
- Alepay token: chua lien ket
12-23-2021 @ 14:17:04 - Step 1 -------------------------------------------------
- User id: chua login
- Alepay token: chua lien ket
12-23-2021 @ 14:17:27 - Step 1 -------------------------------------------------
- User id: chua login
- Alepay token: chua lien ket
12-23-2021 @ 14:18:17 - Step 1 -------------------------------------------------
- User id: chua login
- Alepay token: chua lien ket
12-23-2021 @ 14:20:24 - Step 1 -------------------------------------------------
- User id: chua login
- Alepay token: chua lien ket
12-23-2021 @ 14:20:39 - Step 1 -------------------------------------------------
- User id: chua login
- Alepay token: chua lien ket
12-23-2021 @ 14:20:51 - Step 1 -------------------------------------------------
- User id: 39
- Alepay token: chua lien ket
12-23-2021 @ 14:21:46 - Step 1 -------------------------------------------------
- User id: 39
- Alepay token: chua lien ket
12-23-2021 @ 14:21:47 - Step 1 -------------------------------------------------
- User id: chua login
- Alepay token: chua lien ket
12-23-2021 @ 14:23:09 - Step 1 -------------------------------------------------
- User id: chua login
- Alepay token: chua lien ket
12-23-2021 @ 14:30:29 - Step 1 -------------------------------------------------
- User id: 31
- Alepay token: chua lien ket
12-23-2021 @ 14:31:29 - Step 1 -------------------------------------------------
- User id: 39
- Alepay token: chua lien ket
12-23-2021 @ 14:31:34 - Step 1 -------------------------------------------------
- User id: 39
- Alepay token: chua lien ket
12-23-2021 @ 14:31:38 - Step 1 -------------------------------------------------
- User id: 32
- Alepay token: chua lien ket
12-23-2021 @ 14:32:02 - Step 1 -------------------------------------------------
- User id: 39
- Alepay token: chua lien ket
12-23-2021 @ 14:32:10 - Step 1 -------------------------------------------------
- User id: 39
- Alepay token: chua lien ket
12-23-2021 @ 14:32:10 - Step 1 -------------------------------------------------
- User id: 39
- Alepay token: chua lien ket
12-23-2021 @ 14:32:13 - Step 1 -------------------------------------------------
- User id: 39
- Alepay token: chua lien ket
12-23-2021 @ 14:32:14 - Step 1 -------------------------------------------------
- User id: 39
- Alepay token: chua lien ket
12-23-2021 @ 14:32:17 - Step 1 -------------------------------------------------
- User id: 39
- Alepay token: chua lien ket
12-23-2021 @ 14:32:20 - Step 1 -------------------------------------------------
- User id: 39
- Alepay token: chua lien ket
12-23-2021 @ 14:32:23 - Step 1 -------------------------------------------------
- User id: 39
- Alepay token: chua lien ket
12-23-2021 @ 14:33:50 - Step 1 -------------------------------------------------
- User id: 39
- Alepay token: chua lien ket
12-23-2021 @ 14:35:15 - Step 1 -------------------------------------------------
- User id: 32
- Alepay token: chua lien ket
12-23-2021 @ 14:35:27 - Step 1 -------------------------------------------------
- User id: 39
- Alepay token: chua lien ket
12-23-2021 @ 14:37:50 - Step 1 -------------------------------------------------
- User id: 39
- Alepay token: chua lien ket
12-23-2021 @ 14:37:51 - Step 1 -------------------------------------------------
- User id: 32
- Alepay token: chua lien ket
12-23-2021 @ 14:37:56 - Step 1 -------------------------------------------------
- User id: 32
- Alepay token: chua lien ket
12-23-2021 @ 14:37:57 - Step 1 -------------------------------------------------
- User id: 39
- Alepay token: chua lien ket
12-23-2021 @ 14:38:00 - Step 1 -------------------------------------------------
- User id: 32
- Alepay token: chua lien ket
12-23-2021 @ 14:38:00 - Step 1 -------------------------------------------------
- User id: 39
- Alepay token: chua lien ket
12-23-2021 @ 14:38:02 - Step 1 -------------------------------------------------
- User id: 32
- Alepay token: chua lien ket
12-23-2021 @ 14:38:05 - Step 1 -------------------------------------------------
- User id: 39
- Alepay token: chua lien ket
12-23-2021 @ 14:38:09 - Step 1 -------------------------------------------------
- User id: 39
- Alepay token: chua lien ket
12-23-2021 @ 14:38:38 - Step 1 -------------------------------------------------
- User id: 39
- Alepay token: chua lien ket
12-23-2021 @ 14:38:39 - Step 1 -------------------------------------------------
- User id: 32
- Alepay token: chua lien ket
12-23-2021 @ 14:38:42 - Step 1 -------------------------------------------------
- User id: 32
- Alepay token: chua lien ket
12-23-2021 @ 14:40:41 - Step 1 -------------------------------------------------
- User id: 32
- Alepay token: chua lien ket
12-23-2021 @ 14:40:46 - Step 1 -------------------------------------------------
- User id: 32
- Alepay token: chua lien ket
12-23-2021 @ 14:47:20 - Step 2 -----------
- Order id: 9622
- Phuong thuc thanh toan: thuong
- Chua lien ket the khi thanh toan
- Alepay tra ve checkoutUrl: https://alepay-v3-sandbox.nganluong.vn/checkout/vi/v3/index/3042063a99c64a0cb22004d5be369fb9
12-23-2021 @ 14:49:10 - Step 3 -----------
- Thanh toan thanh cong
12-23-2021 @ 14:49:13 - Step 3 -----------
- Da cap nhat trang thai hoa don sang [completed] 
- Thanh toan thanh cong
12-23-2021 @ 15:03:59 - Step 3 -----------
- Thanh toan thanh cong
12-23-2021 @ 15:12:19 - Step 1 -------------------------------------------------
- User id: 39
- Alepay token: chua lien ket
12-23-2021 @ 16:16:38 - Step 1 -------------------------------------------------
- User id: chua login
- Alepay token: chua lien ket
12-23-2021 @ 17:13:27 - Step 1 -------------------------------------------------
- User id: 39
- Alepay token: chua lien ket
12-23-2021 @ 17:13:34 - Step 1 -------------------------------------------------
- User id: 39
- Alepay token: chua lien ket
12-23-2021 @ 17:13:40 - Step 1 -------------------------------------------------
- User id: 39
- Alepay token: chua lien ket
12-23-2021 @ 17:13:43 - Step 1 -------------------------------------------------
- User id: 39
- Alepay token: chua lien ket
12-23-2021 @ 17:13:45 - Step 1 -------------------------------------------------
- User id: 39
- Alepay token: chua lien ket
12-23-2021 @ 17:28:28 - Step 1 -------------------------------------------------
- User id: 39
- Alepay token: chua lien ket
12-23-2021 @ 18:03:33 - Step 1 -------------------------------------------------
- User id: 39
- Alepay token: chua lien ket
