06-30-2022 @ 10:28:52 - Step 1 -------------------------------------------------
- User id: 41
- Alepay token: chua lien ket
06-30-2022 @ 11:34:12 - Step 1 -------------------------------------------------
- User id: 1
- Alepay token: chua lien ket
06-30-2022 @ 11:35:01 - Step 1 -------------------------------------------------
- User id: 1
- Alepay token: chua lien ket
06-30-2022 @ 13:20:54 - Step 1 -------------------------------------------------
- User id: 41
- Alepay token: chua lien ket
06-30-2022 @ 13:20:58 - Step 1 -------------------------------------------------
- User id: 41
- Alepay token: chua lien ket
06-30-2022 @ 16:12:44 - Step 1 -------------------------------------------------
- User id: 40
- Alepay token: chua lien ket
06-30-2022 @ 16:18:29 - Step 1 -------------------------------------------------
- User id: 40
- Alepay token: chua lien ket
06-30-2022 @ 16:20:51 - Step 1 -------------------------------------------------
- User id: 40
- Alepay token: chua lien ket
06-30-2022 @ 16:21:57 - Step 1 -------------------------------------------------
- User id: 40
- Alepay token: chua lien ket
06-30-2022 @ 16:21:58 - Step 1 -------------------------------------------------
- User id: 40
- Alepay token: chua lien ket
06-30-2022 @ 16:22:01 - Step 1 -------------------------------------------------
- User id: 40
- Alepay token: chua lien ket
06-30-2022 @ 16:22:13 - Step 1 -------------------------------------------------
- User id: 40
- Alepay token: chua lien ket
06-30-2022 @ 16:22:16 - Step 1 -------------------------------------------------
- User id: 40
- Alepay token: chua lien ket
06-30-2022 @ 16:22:49 - Step 2 -----------
- Order id: 16590
- Phuong thuc thanh toan: thuong
- Chua lien ket the khi thanh toan
- Alepay tra ve checkoutUrl: https://alepay-v3-sandbox.nganluong.vn/checkout/vi/v3/index/c4680af50b2c4bbab6d4c3ed47b0a6e3
06-30-2022 @ 16:22:58 - Step 1 -------------------------------------------------
- User id: 40
- Alepay token: chua lien ket
06-30-2022 @ 16:23:10 - Step 1 -------------------------------------------------
- User id: 40
- Alepay token: chua lien ket
06-30-2022 @ 16:23:28 - Step 1 -------------------------------------------------
- User id: 40
- Alepay token: chua lien ket
06-30-2022 @ 16:23:49 - Step 1 -------------------------------------------------
- User id: 40
- Alepay token: chua lien ket
06-30-2022 @ 17:48:25 - Step 1 -------------------------------------------------
- User id: 33
- Alepay token: chua lien ket
06-30-2022 @ 17:48:36 - Step 1 -------------------------------------------------
- User id: 33
- Alepay token: chua lien ket
06-30-2022 @ 17:48:40 - Step 1 -------------------------------------------------
- User id: 33
- Alepay token: chua lien ket
06-30-2022 @ 17:48:43 - Step 1 -------------------------------------------------
- User id: 33
- Alepay token: chua lien ket
06-30-2022 @ 17:48:56 - Step 1 -------------------------------------------------
- User id: 33
- Alepay token: chua lien ket
06-30-2022 @ 17:48:58 - Step 1 -------------------------------------------------
- User id: 33
- Alepay token: chua lien ket
