12-06-2021 @ 15:37:37 - Step 1 -------------------------------------------------
- User id: 36
- Alepay token: chua lien ket
12-06-2021 @ 15:37:41 - Step 1 -------------------------------------------------
- User id: 36
- Alepay token: chua lien ket
12-06-2021 @ 15:40:25 - Step 1 -------------------------------------------------
- User id: 37
- Alepay token: chua lien ket
12-06-2021 @ 15:40:28 - Step 1 -------------------------------------------------
- User id: 37
- Alepay token: chua lien ket
12-06-2021 @ 15:40:57 - Step 1 -------------------------------------------------
- User id: 37
- Alepay token: chua lien ket
12-06-2021 @ 15:41:09 - Step 1 -------------------------------------------------
- User id: 37
- Alepay token: chua lien ket
12-06-2021 @ 15:41:16 - Step 1 -------------------------------------------------
- User id: 37
- Alepay token: chua lien ket
12-06-2021 @ 15:41:30 - Step 1 -------------------------------------------------
- User id: 37
- Alepay token: chua lien ket
12-06-2021 @ 15:41:49 - Step 1 -------------------------------------------------
- User id: 37
- Alepay token: chua lien ket
12-06-2021 @ 15:41:52 - Step 1 -------------------------------------------------
- User id: 37
- Alepay token: chua lien ket
12-06-2021 @ 15:41:57 - Step 2 -----------
- Order id: 9317
- Phuong thuc thanh toan: thuong
- Chua lien ket the khi thanh toan
- Alepay tra ve checkoutUrl: https://alepay-v3-sandbox.nganluong.vn/checkout/vi/v3/index/d341812adfeb46479b3d40a3b200169e
12-06-2021 @ 15:45:32 - Step 1 -------------------------------------------------
- User id: 37
- Alepay token: chua lien ket
12-06-2021 @ 15:45:44 - Step 2 -----------
- Order id: 9317
- Phuong thuc thanh toan: thuong
- Chua lien ket the khi thanh toan
- Alepay tra ve checkoutUrl: https://alepay-v3-sandbox.nganluong.vn/checkout/vi/v3/index/3d393ca15be44e44b7c30e455bc7f06d
12-06-2021 @ 15:45:45 - Step 1 -------------------------------------------------
- User id: 36
- Alepay token: chua lien ket
12-06-2021 @ 15:45:57 - Step 1 -------------------------------------------------
- User id: 36
- Alepay token: chua lien ket
12-06-2021 @ 15:46:17 - Step 1 -------------------------------------------------
- User id: 36
- Alepay token: chua lien ket
12-06-2021 @ 15:47:00 - Step 1 -------------------------------------------------
- User id: 36
- Alepay token: chua lien ket
12-06-2021 @ 15:47:03 - Step 1 -------------------------------------------------
- User id: 36
- Alepay token: chua lien ket
12-06-2021 @ 15:47:08 - Step 1 -------------------------------------------------
- User id: 37
- Alepay token: chua lien ket
12-06-2021 @ 15:47:08 - Step 1 -------------------------------------------------
- User id: 36
- Alepay token: chua lien ket
12-06-2021 @ 15:47:11 - Step 1 -------------------------------------------------
- User id: 36
- Alepay token: chua lien ket
12-06-2021 @ 15:47:15 - Step 1 -------------------------------------------------
- User id: 36
- Alepay token: chua lien ket
12-06-2021 @ 15:47:35 - Step 1 -------------------------------------------------
- User id: 36
- Alepay token: chua lien ket
12-06-2021 @ 15:47:38 - Step 1 -------------------------------------------------
- User id: 36
- Alepay token: chua lien ket
12-06-2021 @ 15:47:43 - Step 2 -----------
- Order id: 9319
- Phuong thuc thanh toan: thuong
- Chua lien ket the khi thanh toan
- Alepay tra ve checkoutUrl: https://alepay-v3-sandbox.nganluong.vn/checkout/vi/v3/index/10d12af10f244b48a7be538ecd8a56f7
12-06-2021 @ 15:48:01 - Step 1 -------------------------------------------------
- User id: 37
- Alepay token: chua lien ket
12-06-2021 @ 15:48:02 - Step 1 -------------------------------------------------
- User id: 37
- Alepay token: chua lien ket
12-06-2021 @ 15:48:10 - Step 2 -----------
- Order id: 9320
- Phuong thuc thanh toan: thuong
- Chua lien ket the khi thanh toan
- Alepay tra ve checkoutUrl: https://alepay-v3-sandbox.nganluong.vn/checkout/vi/v3/index/80c9c7a15c3b44ccad2dc940b4e45fa4
12-06-2021 @ 15:48:25 - Step 1 -------------------------------------------------
- User id: 37
- Alepay token: chua lien ket
12-06-2021 @ 15:48:31 - Step 2 -----------
- Order id: 9320
- Phuong thuc thanh toan: thuong
- Chua lien ket the khi thanh toan
- Alepay tra ve checkoutUrl: https://alepay-v3-sandbox.nganluong.vn/checkout/vi/v3/index/5e16d20f3edc473a9a25e7e39ef442f8
12-06-2021 @ 15:49:04 - Step 1 -------------------------------------------------
- User id: chua login
- Alepay token: chua lien ket
12-06-2021 @ 15:49:07 - Step 1 -------------------------------------------------
- User id: chua login
- Alepay token: chua lien ket
12-06-2021 @ 15:49:12 - Step 1 -------------------------------------------------
- User id: chua login
- Alepay token: chua lien ket
12-06-2021 @ 15:49:16 - Step 1 -------------------------------------------------
- User id: chua login
- Alepay token: chua lien ket
12-06-2021 @ 15:49:27 - Step 1 -------------------------------------------------
- User id: chua login
- Alepay token: chua lien ket
12-06-2021 @ 15:49:31 - Step 1 -------------------------------------------------
- User id: chua login
- Alepay token: chua lien ket
12-06-2021 @ 15:49:35 - Step 2 -----------
- Order id: 9321
- Phuong thuc thanh toan: thuong
- Chua lien ket the khi thanh toan
- Alepay tra ve checkoutUrl: https://alepay-v3-sandbox.nganluong.vn/checkout/vi/v3/index/d16b5ab1f6f64e51845306723d148864
12-06-2021 @ 15:50:08 - Step 1 -------------------------------------------------
- User id: 36
- Alepay token: chua lien ket
12-06-2021 @ 15:50:14 - Step 2 -----------
- Order id: 9319
- Phuong thuc thanh toan: thuong
- Chua lien ket the khi thanh toan
- Alepay tra ve checkoutUrl: https://alepay-v3-sandbox.nganluong.vn/checkout/vi/v3/index/cf991d16a5004c739ae7bd12f61d8e3b
12-06-2021 @ 15:50:26 - Step 1 -------------------------------------------------
- User id: 37
- Alepay token: chua lien ket
12-06-2021 @ 15:53:25 - Step 1 -------------------------------------------------
- User id: chua login
- Alepay token: chua lien ket
12-06-2021 @ 15:53:28 - Step 1 -------------------------------------------------
- User id: chua login
- Alepay token: chua lien ket
12-06-2021 @ 15:53:31 - Step 1 -------------------------------------------------
- User id: chua login
- Alepay token: chua lien ket
12-06-2021 @ 15:53:34 - Step 1 -------------------------------------------------
- User id: chua login
- Alepay token: chua lien ket
12-06-2021 @ 15:53:38 - Step 1 -------------------------------------------------
- User id: chua login
- Alepay token: chua lien ket
12-06-2021 @ 15:53:40 - Step 1 -------------------------------------------------
- User id: chua login
- Alepay token: chua lien ket
12-06-2021 @ 15:53:43 - Step 2 -----------
- Order id: 9322
- Phuong thuc thanh toan: thuong
- Chua lien ket the khi thanh toan
- Alepay tra ve checkoutUrl: https://alepay-v3-sandbox.nganluong.vn/checkout/vi/v3/index/7a4c6573cffd45c984db6237ef9f46cb
12-06-2021 @ 15:59:52 - Step 1 -------------------------------------------------
- User id: 36
- Alepay token: chua lien ket
12-06-2021 @ 16:00:06 - Step 1 -------------------------------------------------
- User id: 36
- Alepay token: chua lien ket
12-06-2021 @ 16:38:12 - Step 1 -------------------------------------------------
- User id: chua login
- Alepay token: chua lien ket
12-06-2021 @ 16:38:20 - Step 1 -------------------------------------------------
- User id: chua login
- Alepay token: chua lien ket
12-06-2021 @ 16:38:24 - Step 1 -------------------------------------------------
- User id: chua login
- Alepay token: chua lien ket
12-06-2021 @ 16:38:30 - Step 2 -----------
- Order id: 9322
- Phuong thuc thanh toan: thuong
- Chua lien ket the khi thanh toan
- Alepay tra ve checkoutUrl: https://alepay-v3-sandbox.nganluong.vn/checkout/vi/v3/index/750a0cca0a7e4c9f881e059859fff2fb
12-06-2021 @ 16:39:31 - Step 3 -----------
- Da cap nhat trang thai hoa don sang [completed] 
- Thanh toan thanh cong
12-06-2021 @ 16:43:25 - Step 1 -------------------------------------------------
- User id: chua login
- Alepay token: chua lien ket
12-06-2021 @ 16:43:28 - Step 1 -------------------------------------------------
- User id: chua login
- Alepay token: chua lien ket
12-06-2021 @ 16:43:46 - Step 1 -------------------------------------------------
- User id: chua login
- Alepay token: chua lien ket
12-06-2021 @ 16:44:04 - Step 1 -------------------------------------------------
- User id: chua login
- Alepay token: chua lien ket
12-06-2021 @ 16:44:09 - Step 2 -----------
- Order id: 9329
- Phuong thuc thanh toan: thuong
- Chua lien ket the khi thanh toan
- Alepay tra ve checkoutUrl: https://alepay-v3-sandbox.nganluong.vn/checkout/vi/v3/index/d153503ed980452ea61c9019b0f533e0
12-06-2021 @ 16:45:51 - Step 3 -----------
- Da cap nhat trang thai hoa don sang [completed] 
- Thanh toan thanh cong
12-06-2021 @ 16:48:52 - Step 1 -------------------------------------------------
- User id: chua login
- Alepay token: chua lien ket
12-06-2021 @ 16:48:52 - Step 1 -------------------------------------------------
- User id: chua login
- Alepay token: chua lien ket
12-06-2021 @ 16:48:56 - Step 1 -------------------------------------------------
- User id: chua login
- Alepay token: chua lien ket
12-06-2021 @ 16:48:56 - Step 1 -------------------------------------------------
- User id: chua login
- Alepay token: chua lien ket
12-06-2021 @ 16:49:02 - Step 1 -------------------------------------------------
- User id: chua login
- Alepay token: chua lien ket
12-06-2021 @ 16:49:13 - Step 1 -------------------------------------------------
- User id: 33
- Alepay token: chua lien ket
12-06-2021 @ 16:49:14 - Step 2 -----------
- Order id: 9330
- Phuong thuc thanh toan: thuong
- Chua lien ket the khi thanh toan
- Alepay tra ve checkoutUrl: https://alepay-v3-sandbox.nganluong.vn/checkout/vi/v3/index/c0f3f626a44f44009f5a955fed2246c4
12-06-2021 @ 16:49:17 - Step 1 -------------------------------------------------
- User id: 33
- Alepay token: chua lien ket
12-06-2021 @ 16:49:23 - Step 1 -------------------------------------------------
- User id: 33
- Alepay token: chua lien ket
12-06-2021 @ 16:49:33 - Step 1 -------------------------------------------------
- User id: 33
- Alepay token: chua lien ket
12-06-2021 @ 17:16:26 - Step 1 -------------------------------------------------
- User id: 37
- Alepay token: chua lien ket
12-06-2021 @ 17:16:32 - Step 1 -------------------------------------------------
- User id: 37
- Alepay token: chua lien ket
12-06-2021 @ 17:16:34 - Step 1 -------------------------------------------------
- User id: chua login
- Alepay token: chua lien ket
12-06-2021 @ 17:16:41 - Step 2 -----------
- Order id: 9331
- Phuong thuc thanh toan: thuong
- Chua lien ket the khi thanh toan
- Alepay tra ve checkoutUrl: https://alepay-v3-sandbox.nganluong.vn/checkout/vi/v3/index/ce896154477347fc815be6f783ef7f45
12-06-2021 @ 17:17:03 - Step 1 -------------------------------------------------
- User id: chua login
- Alepay token: chua lien ket
12-06-2021 @ 17:17:06 - Step 1 -------------------------------------------------
- User id: 37
- Alepay token: chua lien ket
12-06-2021 @ 17:17:14 - Step 2 -----------
- Order id: 9332
- Phuong thuc thanh toan: thuong
- Chua lien ket the khi thanh toan
- Alepay tra ve checkoutUrl: https://alepay-v3-sandbox.nganluong.vn/checkout/vi/v3/index/9ff92b52ca4a4b9d8440652dc80a2d2b
12-06-2021 @ 17:17:39 - Step 1 -------------------------------------------------
- User id: 36
- Alepay token: chua lien ket
12-06-2021 @ 17:17:42 - Step 1 -------------------------------------------------
- User id: 36
- Alepay token: chua lien ket
12-06-2021 @ 17:17:50 - Step 1 -------------------------------------------------
- User id: 36
- Alepay token: chua lien ket
12-06-2021 @ 17:17:57 - Step 1 -------------------------------------------------
- User id: 33
- Alepay token: chua lien ket
12-06-2021 @ 17:17:57 - Step 2 -----------
- Order id: 9333
- Phuong thuc thanh toan: thuong
- Chua lien ket the khi thanh toan
- Alepay tra ve checkoutUrl: https://alepay-v3-sandbox.nganluong.vn/checkout/vi/v3/index/f1ac7dd2780b458ca656e96dd6c9d7e6
12-06-2021 @ 17:18:00 - Step 1 -------------------------------------------------
- User id: 33
- Alepay token: chua lien ket
12-06-2021 @ 17:18:34 - Step 1 -------------------------------------------------
- User id: 33
- Alepay token: chua lien ket
12-06-2021 @ 17:18:38 - Step 1 -------------------------------------------------
- User id: 33
- Alepay token: chua lien ket
12-06-2021 @ 17:19:06 - Step 1 -------------------------------------------------
- User id: 33
- Alepay token: chua lien ket
12-06-2021 @ 17:19:11 - Step 1 -------------------------------------------------
- User id: 33
- Alepay token: chua lien ket
12-06-2021 @ 17:19:22 - Step 1 -------------------------------------------------
- User id: 37
- Alepay token: chua lien ket
12-06-2021 @ 17:19:25 - Step 1 -------------------------------------------------
- User id: 37
- Alepay token: chua lien ket
12-06-2021 @ 17:20:31 - Step 1 -------------------------------------------------
- User id: 37
- Alepay token: chua lien ket
12-06-2021 @ 17:20:35 - Step 1 -------------------------------------------------
- User id: 37
- Alepay token: chua lien ket
12-06-2021 @ 17:20:40 - Step 1 -------------------------------------------------
- User id: 37
- Alepay token: chua lien ket
12-06-2021 @ 17:20:43 - Step 1 -------------------------------------------------
- User id: 37
- Alepay token: chua lien ket
12-06-2021 @ 17:20:48 - Step 2 -----------
- Order id: 9338
- Phuong thuc thanh toan: thuong
- Chua lien ket the khi thanh toan
- Alepay tra ve checkoutUrl: https://alepay-v3-sandbox.nganluong.vn/checkout/vi/v3/index/def2653172a042c6a175fcf514b41e2a
12-06-2021 @ 17:22:16 - Step 3 -----------
- Da cap nhat trang thai hoa don sang [completed] 
- Thanh toan thanh cong
